<?xml version="1.0" encoding="UTF-8"?>
<testng-results ignored="0" total="1" passed="1" failed="0" skipped="0">
  <reporter-output>
  </reporter-output>
  <suite started-at="2023-08-28T08:40:14 IST" name="Suite" finished-at="2023-08-28T08:40:34 IST" duration-ms="20368">
    <groups>
    </groups>
    <test started-at="2023-08-28T08:40:14 IST" name="Test" finished-at="2023-08-28T08:40:34 IST" duration-ms="20368">
      <class name="testing.Testing">
        <test-method signature="f()[pri:0, instance:testing.Testing@47987356]" started-at="2023-08-28T08:40:14 IST" name="f" finished-at="2023-08-28T08:40:34 IST" duration-ms="20298" status="PASS">
          <reporter-output>
          </reporter-output>
        </test-method> <!-- f -->
      </class> <!-- testing.Testing -->
    </test> <!-- Test -->
  </suite> <!-- Suite -->
</testng-results>
